package version: 0.3.7

git tag v0.3.7
git add  -A
warning: LF will be replaced by CRLF in _logs/build_documentation.log.
The file will have its original line endings in your working directory
warning: LF will be replaced by CRLF in docs/build/_sources/api/classification.rst.txt.
The file will have its original line endings in your working directory
warning: LF will be replaced by CRLF in docs/build/_sources/api/misc.rst.txt.
The file will have its original line endings in your working directory
warning: LF will be replaced by CRLF in docs/build/_sources/classification.rst.txt.
The file will have its original line endings in your working directory
warning: LF will be replaced by CRLF in docs/build/_static/doctools.js.
The file will have its original line endings in your working directory
warning: LF will be replaced by CRLF in docs/build/_static/jquery-3.4.1.js.
The file will have its original line endings in your working directory
warning: LF will be replaced by CRLF in docs/build/_static/jquery.js.
The file will have its original line endings in your working directory
warning: LF will be replaced by CRLF in docs/build/_static/searchtools.js.
The file will have its original line endings in your working directory
warning: LF will be replaced by CRLF in docs/build/_static/underscore-1.3.1.js.
The file will have its original line endings in your working directory
warning: LF will be replaced by CRLF in docs/build/_static/underscore.js.
The file will have its original line endings in your working directory
Commit message: git commit -m "Reintroduced automatic sphinx build"
[master 5542328] Reintroduced automatic sphinx build
 162 files changed, 23713 insertions(+), 53 deletions(-)
 create mode 100644 _logs/build_documentation.log
 create mode 100644 _logs/deploy_to_master.log
 create mode 100644 _logs/run_all_tests.log
 delete mode 100644 _scripts/build_docs.sh
 rename _scripts/{test_and_deploy_master.py => deploy_to_master.py} (88%)
 create mode 100644 docs/build/.buildinfo
 create mode 100644 docs/build/.doctrees/api.doctree
 create mode 100644 docs/build/.doctrees/api/classification.doctree
 create mode 100644 docs/build/.doctrees/api/datasets.doctree
 create mode 100644 docs/build/.doctrees/api/features.doctree
 create mode 100644 docs/build/.doctrees/api/generated/izzy.classification.GenericModel.doctree
 create mode 100644 docs/build/.doctrees/api/generated/izzy.classification.LogisticRegression.doctree
 create mode 100644 docs/build/.doctrees/api/generated/izzy.classification.RandomForest.doctree
 create mode 100644 docs/build/.doctrees/api/generated/izzy.classification.accuracy.doctree
 create mode 100644 docs/build/.doctrees/api/generated/izzy.classification.aic.doctree
 create mode 100644 docs/build/.doctrees/api/generated/izzy.classification.bic.doctree
 create mode 100644 docs/build/.doctrees/api/generated/izzy.classification.confusion_matrix.doctree
 create mode 100644 docs/build/.doctrees/api/generated/izzy.classification.f1.doctree
 create mode 100644 docs/build/.doctrees/api/generated/izzy.classification.false_negatives.doctree
 create mode 100644 docs/build/.doctrees/api/generated/izzy.classification.false_positives.doctree
 create mode 100644 docs/build/.doctrees/api/generated/izzy.classification.gini.doctree
 create mode 100644 docs/build/.doctrees/api/generated/izzy.classification.ks.doctree
 create mode 100644 docs/build/.doctrees/api/generated/izzy.classification.performance_report.doctree
 create mode 100644 docs/build/.doctrees/api/generated/izzy.classification.precision.doctree
 create mode 100644 docs/build/.doctrees/api/generated/izzy.classification.recall.doctree
 create mode 100644 docs/build/.doctrees/api/generated/izzy.classification.roc.doctree
 create mode 100644 docs/build/.doctrees/api/generated/izzy.classification.roc_auc.doctree
 create mode 100644 docs/build/.doctrees/api/generated/izzy.classification.roc_plot.doctree
 create mode 100644 docs/build/.doctrees/api/generated/izzy.classification.sensitivity.doctree
 create mode 100644 docs/build/.doctrees/api/generated/izzy.classification.specificity.doctree
 create mode 100644 docs/build/.doctrees/api/generated/izzy.classification.true_negatives.doctree
 create mode 100644 docs/build/.doctrees/api/generated/izzy.classification.true_positives.doctree
 create mode 100644 docs/build/.doctrees/api/generated/izzy.datasets.random_dataset.doctree
 create mode 100644 docs/build/.doctrees/api/generated/izzy.features.clip.doctree
 create mode 100644 docs/build/.doctrees/api/generated/izzy.features.cube.doctree
 create mode 100644 docs/build/.doctrees/api/generated/izzy.features.granulate.doctree
 create mode 100644 docs/build/.doctrees/api/generated/izzy.features.ln.doctree
 create mode 100644 docs/build/.doctrees/api/generated/izzy.features.log.doctree
 create mode 100644 docs/build/.doctrees/api/generated/izzy.features.power.doctree
 create mode 100644 docs/build/.doctrees/api/generated/izzy.features.square.doctree
 create mode 100644 docs/build/.doctrees/api/generated/izzy.features.weight_of_evidence.doctree
 create mode 100644 docs/build/.doctrees/api/generated/izzy.features.woeify.doctree
 create mode 100644 docs/build/.doctrees/api/generated/izzy.misc.ArrayLike.doctree
 create mode 100644 docs/build/.doctrees/api/generated/izzy.misc.equal.doctree
 create mode 100644 docs/build/.doctrees/api/misc.doctree
 create mode 100644 docs/build/.doctrees/classification.doctree
 create mode 100644 docs/build/.doctrees/environment.pickle
 create mode 100644 docs/build/.doctrees/index.doctree
 create mode 100644 docs/build/.nojekyll
 create mode 100644 docs/build/_images/log_likelihood.png
 create mode 100644 docs/build/_images/logistic_function.png
 create mode 100644 docs/build/_modules/index.html
 create mode 100644 docs/build/_modules/izzy/classification/generic.html
 create mode 100644 docs/build/_modules/izzy/classification/logistic.html
 create mode 100644 docs/build/_modules/izzy/classification/metrics.html
 create mode 100644 docs/build/_modules/izzy/classification/tree.html
 create mode 100644 docs/build/_modules/izzy/datasets/datasets.html
 create mode 100644 docs/build/_modules/izzy/features/transform.html
 create mode 100644 docs/build/_modules/izzy/misc/functions.html
 create mode 100644 docs/build/_modules/izzy/misc/types.html
 create mode 100644 docs/build/_sources/api.rst.txt
 create mode 100644 docs/build/_sources/api/classification.rst.txt
 create mode 100644 docs/build/_sources/api/datasets.rst.txt
 create mode 100644 docs/build/_sources/api/features.rst.txt
 create mode 100644 docs/build/_sources/api/generated/izzy.classification.GenericModel.rst.txt
 create mode 100644 docs/build/_sources/api/generated/izzy.classification.LogisticRegression.rst.txt
 create mode 100644 docs/build/_sources/api/generated/izzy.classification.RandomForest.rst.txt
 create mode 100644 docs/build/_sources/api/generated/izzy.classification.accuracy.rst.txt
 create mode 100644 docs/build/_sources/api/generated/izzy.classification.aic.rst.txt
 create mode 100644 docs/build/_sources/api/generated/izzy.classification.bic.rst.txt
 create mode 100644 docs/build/_sources/api/generated/izzy.classification.confusion_matrix.rst.txt
 create mode 100644 docs/build/_sources/api/generated/izzy.classification.f1.rst.txt
 create mode 100644 docs/build/_sources/api/generated/izzy.classification.false_negatives.rst.txt
 create mode 100644 docs/build/_sources/api/generated/izzy.classification.false_positives.rst.txt
 create mode 100644 docs/build/_sources/api/generated/izzy.classification.gini.rst.txt
 create mode 100644 docs/build/_sources/api/generated/izzy.classification.ks.rst.txt
 create mode 100644 docs/build/_sources/api/generated/izzy.classification.performance_report.rst.txt
 create mode 100644 docs/build/_sources/api/generated/izzy.classification.precision.rst.txt
 create mode 100644 docs/build/_sources/api/generated/izzy.classification.recall.rst.txt
 create mode 100644 docs/build/_sources/api/generated/izzy.classification.roc.rst.txt
 create mode 100644 docs/build/_sources/api/generated/izzy.classification.roc_auc.rst.txt
 create mode 100644 docs/build/_sources/api/generated/izzy.classification.roc_plot.rst.txt
 create mode 100644 docs/build/_sources/api/generated/izzy.classification.sensitivity.rst.txt
 create mode 100644 docs/build/_sources/api/generated/izzy.classification.specificity.rst.txt
 create mode 100644 docs/build/_sources/api/generated/izzy.classification.true_negatives.rst.txt
 create mode 100644 docs/build/_sources/api/generated/izzy.classification.true_positives.rst.txt
 create mode 100644 docs/build/_sources/api/generated/izzy.datasets.random_dataset.rst.txt
 create mode 100644 docs/build/_sources/api/generated/izzy.features.clip.rst.txt
 create mode 100644 docs/build/_sources/api/generated/izzy.features.cube.rst.txt
 create mode 100644 docs/build/_sources/api/generated/izzy.features.granulate.rst.txt
 create mode 100644 docs/build/_sources/api/generated/izzy.features.ln.rst.txt
 create mode 100644 docs/build/_sources/api/generated/izzy.features.log.rst.txt
 create mode 100644 docs/build/_sources/api/generated/izzy.features.power.rst.txt
 create mode 100644 docs/build/_sources/api/generated/izzy.features.square.rst.txt
 create mode 100644 docs/build/_sources/api/generated/izzy.features.weight_of_evidence.rst.txt
 create mode 100644 docs/build/_sources/api/generated/izzy.features.woeify.rst.txt
 create mode 100644 docs/build/_sources/api/generated/izzy.misc.ArrayLike.rst.txt
 create mode 100644 docs/build/_sources/api/generated/izzy.misc.equal.rst.txt
 create mode 100644 docs/build/_sources/api/misc.rst.txt
 create mode 100644 docs/build/_sources/classification.rst.txt
 create mode 100644 docs/build/_sources/index.rst.txt
 create mode 100644 docs/build/_static/basic.css
 create mode 100644 docs/build/_static/doctools.js
 create mode 100644 docs/build/_static/documentation_options.js
 create mode 100644 docs/build/_static/file.png
 create mode 100644 docs/build/_static/jquery-3.4.1.js
 create mode 100644 docs/build/_static/jquery.js
 create mode 100644 docs/build/_static/language_data.js
 create mode 100644 docs/build/_static/minus.png
 create mode 100644 docs/build/_static/nature.css
 create mode 100644 docs/build/_static/plus.png
 create mode 100644 docs/build/_static/pygments.css
 create mode 100644 docs/build/_static/searchtools.js
 create mode 100644 docs/build/_static/underscore-1.3.1.js
 create mode 100644 docs/build/_static/underscore.js
 create mode 100644 docs/build/api.html
 create mode 100644 docs/build/api/classification.html
 create mode 100644 docs/build/api/datasets.html
 create mode 100644 docs/build/api/features.html
 create mode 100644 docs/build/api/generated/izzy.classification.GenericModel.html
 create mode 100644 docs/build/api/generated/izzy.classification.LogisticRegression.html
 create mode 100644 docs/build/api/generated/izzy.classification.RandomForest.html
 create mode 100644 docs/build/api/generated/izzy.classification.accuracy.html
 create mode 100644 docs/build/api/generated/izzy.classification.aic.html
 create mode 100644 docs/build/api/generated/izzy.classification.bic.html
 create mode 100644 docs/build/api/generated/izzy.classification.confusion_matrix.html
 create mode 100644 docs/build/api/generated/izzy.classification.f1.html
 create mode 100644 docs/build/api/generated/izzy.classification.false_negatives.html
 create mode 100644 docs/build/api/generated/izzy.classification.false_positives.html
 create mode 100644 docs/build/api/generated/izzy.classification.gini.html
 create mode 100644 docs/build/api/generated/izzy.classification.ks.html
 create mode 100644 docs/build/api/generated/izzy.classification.performance_report.html
 create mode 100644 docs/build/api/generated/izzy.classification.precision.html
 create mode 100644 docs/build/api/generated/izzy.classification.recall.html
 create mode 100644 docs/build/api/generated/izzy.classification.roc.html
 create mode 100644 docs/build/api/generated/izzy.classification.roc_auc.html
 create mode 100644 docs/build/api/generated/izzy.classification.roc_plot.html
 create mode 100644 docs/build/api/generated/izzy.classification.sensitivity.html
 create mode 100644 docs/build/api/generated/izzy.classification.specificity.html
 create mode 100644 docs/build/api/generated/izzy.classification.true_negatives.html
 create mode 100644 docs/build/api/generated/izzy.classification.true_positives.html
 create mode 100644 docs/build/api/generated/izzy.datasets.random_dataset.html
 create mode 100644 docs/build/api/generated/izzy.features.clip.html
 create mode 100644 docs/build/api/generated/izzy.features.cube.html
 create mode 100644 docs/build/api/generated/izzy.features.granulate.html
 create mode 100644 docs/build/api/generated/izzy.features.ln.html
 create mode 100644 docs/build/api/generated/izzy.features.log.html
 create mode 100644 docs/build/api/generated/izzy.features.power.html
 create mode 100644 docs/build/api/generated/izzy.features.square.html
 create mode 100644 docs/build/api/generated/izzy.features.weight_of_evidence.html
 create mode 100644 docs/build/api/generated/izzy.features.woeify.html
 create mode 100644 docs/build/api/generated/izzy.misc.ArrayLike.html
 create mode 100644 docs/build/api/generated/izzy.misc.equal.html
 create mode 100644 docs/build/api/misc.html
 create mode 100644 docs/build/classification.html
 create mode 100644 docs/build/genindex.html
 create mode 100644 docs/build/index.html
 create mode 100644 docs/build/objects.inv
 create mode 100644 docs/build/search.html
 create mode 100644 docs/build/searchindex.js
git push --tags origin master
To https://github.com/LockhartLab/izzy.git
   85255e9..5542328  master -> master
 * [new tag]         v0.3.7 -> v0.3.7
